{
  "stats": {
    "suites": 1,
    "tests": 10,
    "passes": 10,
    "pending": 0,
    "failures": 0,
    "start": "2024-08-09T01:00:14.039Z",
    "end": "2024-08-09T01:02:41.690Z",
    "duration": 147651,
    "testsRegistered": 10,
    "passPercent": 100,
    "pendingPercent": 0,
    "other": 0,
    "hasOther": false,
    "skipped": 0,
    "hasSkipped": false
  },
  "results": [
    {
      "uuid": "07a6c916-db8a-455e-bd4f-f63a9bad3831",
      "title": "",
      "fullFile": "cypress\\e2e\\automation_exercise.cy.js",
      "file": "cypress\\e2e\\automation_exercise.cy.js",
      "beforeHooks": [],
      "afterHooks": [],
      "tests": [],
      "suites": [
        {
          "uuid": "46f0dd25-711a-442b-89c4-7dcc0cddc50b",
          "title": "Automation Exercise",
          "fullFile": "",
          "file": "",
          "beforeHooks": [],
          "afterHooks": [],
          "tests": [
            {
              "title": "Test Case 1: Register User",
              "fullTitle": "Automation Exercise Test Case 1: Register User",
              "timedOut": null,
              "duration": 24447,
              "state": "passed",
              "speed": "slow",
              "pass": true,
              "fail": false,
              "pending": false,
              "context": null,
              "code": "_menu.default.irParaLoginCadastro();\n_cadastro.default.preencherFormulario().VerificarSeCadastroFoiConcluido();",
              "err": {},
              "uuid": "ea154932-393c-46ee-a02e-2cc8821b81cb",
              "parentUUID": "46f0dd25-711a-442b-89c4-7dcc0cddc50b",
              "isHook": false,
              "skipped": false
            },
            {
              "title": "Test Case 2: Login User with correct email and password",
              "fullTitle": "Automation Exercise Test Case 2: Login User with correct email and password",
              "timedOut": null,
              "duration": 6111,
              "state": "passed",
              "speed": "medium",
              "pass": true,
              "fail": false,
              "pending": false,
              "context": null,
              "code": "_menu.default.irParaLoginCadastro();\n_login.default.ValidarOTextoExibidoTelaLogin();\n_login.default.preencherLogin('test_QA-1722798746869@meil.com', '1234');\n//assert - verificacao da saida do teste / comportamento esperado\n_cadastro.default.VerificarUsuarioCadastradoEstaCorreto();",
              "err": {},
              "uuid": "7c169f7d-477a-4dde-be6f-f33667794e2d",
              "parentUUID": "46f0dd25-711a-442b-89c4-7dcc0cddc50b",
              "isHook": false,
              "skipped": false
            },
            {
              "title": "Test Case 3: Login User with incorrect email and password",
              "fullTitle": "Automation Exercise Test Case 3: Login User with incorrect email and password",
              "timedOut": null,
              "duration": 4480,
              "state": "passed",
              "speed": "fast",
              "pass": true,
              "fail": false,
              "pending": false,
              "context": null,
              "code": "_menu.default.irParaLoginCadastro();\n_login.default.ValidarOTextoExibidoTelaLogin();\n_login.default.preencherLogin('test_QA-1722798746869@meil.com', '54321');\n//assert - verificacao da saida do teste / comportamento esperado\n_login.default.ValidarMensagemErroEmailSenha();",
              "err": {},
              "uuid": "f7b7e9cb-efc7-4fc0-9f18-7e805d646241",
              "parentUUID": "46f0dd25-711a-442b-89c4-7dcc0cddc50b",
              "isHook": false,
              "skipped": false
            },
            {
              "title": "Test Case 4: Logout User",
              "fullTitle": "Automation Exercise Test Case 4: Logout User",
              "timedOut": null,
              "duration": 8588,
              "state": "passed",
              "speed": "medium",
              "pass": true,
              "fail": false,
              "pending": false,
              "context": null,
              "code": "_menu.default.irParaLoginCadastro();\n_login.default.ValidarOTextoExibidoTelaLogin();\n_login.default.preencherLogin('test_QA-1722798746869@meil.com', '1234');\n//assert - verificacao da saida do teste / comportamento esperado\n_cadastro.default.VerificarUsuarioCadastradoEstaCorreto();\n//act - acao principal\n_login.default.IrParaTelaDeLogin();\n//assert - verificacao da saida do teste / comportamento esperado\n_login.default.ValidarOTextoExibidoTelaLogin();",
              "err": {},
              "uuid": "2299da8c-a1b1-4923-9d9d-a222b41e7831",
              "parentUUID": "46f0dd25-711a-442b-89c4-7dcc0cddc50b",
              "isHook": false,
              "skipped": false
            },
            {
              "title": "Test Case 5: Create User with already registered email",
              "fullTitle": "Automation Exercise Test Case 5: Create User with already registered email",
              "timedOut": null,
              "duration": 6052,
              "state": "passed",
              "speed": "medium",
              "pass": true,
              "fail": false,
              "pending": false,
              "context": null,
              "code": "_menu.default.irParaLoginCadastro();\n_login.default.ValidarOTextoExibidoTelaLogin();\n_cadastro.default.iniciarCadastro(`test_QA-1722798746869@meil.com`);\n//assert\n_login.default.ValidarEmailJaExistente();",
              "err": {},
              "uuid": "9d93865a-f256-4f4a-96bd-f88f6bcbec70",
              "parentUUID": "46f0dd25-711a-442b-89c4-7dcc0cddc50b",
              "isHook": false,
              "skipped": false
            },
            {
              "title": "Test Case 6: Contact Us Form",
              "fullTitle": "Automation Exercise Test Case 6: Contact Us Form",
              "timedOut": null,
              "duration": 7469,
              "state": "passed",
              "speed": "medium",
              "pass": true,
              "fail": false,
              "pending": false,
              "context": null,
              "code": "_menu.default.irParaFaleConosco();\n_FaleConosco.default.Contatar();\n//assert\ncy.get('.status').should('have.text', 'Success! Your details have been submitted successfully.');",
              "err": {},
              "uuid": "2bbba605-2690-438b-b090-ebbec098bf9c",
              "parentUUID": "46f0dd25-711a-442b-89c4-7dcc0cddc50b",
              "isHook": false,
              "skipped": false
            },
            {
              "title": "Test Case 8: Verify All Products and products detail page",
              "fullTitle": "Automation Exercise Test Case 8: Verify All Products and products detail page",
              "timedOut": null,
              "duration": 25516,
              "state": "passed",
              "speed": "slow",
              "pass": true,
              "fail": false,
              "pending": false,
              "context": null,
              "code": "_menu.default.irParaProdutos();\n_Produtos.default.TodosProdutosTela();\n_Produtos.default.ClicarNoPrimeiroProduto();\ncy.get('.product-information > h2').should('be.visible');\ncy.get('.product-information p').should('be.visible').and('have.length', 4);\ncy.get('.product-information span span').should('be.visible');",
              "err": {},
              "uuid": "1b996e5d-5bb4-48ec-aae3-7778026c5c49",
              "parentUUID": "46f0dd25-711a-442b-89c4-7dcc0cddc50b",
              "isHook": false,
              "skipped": false
            },
            {
              "title": "Test Case 9: Search Product",
              "fullTitle": "Automation Exercise Test Case 9: Search Product",
              "timedOut": null,
              "duration": 13944,
              "state": "passed",
              "speed": "slow",
              "pass": true,
              "fail": false,
              "pending": false,
              "context": null,
              "code": "_menu.default.irParaProdutos();\n_Produtos.default.TodosProdutosTela();\n_Produtos.default.DigitarUmProduto();\n_Produtos.default.ResultadoProdutoDigitado();\ncy.get('.title').should('be.visible').and('contain', 'Searched Products');\ncy.get('.single-products').should('be.visible').and('have.length.at.least', 1);",
              "err": {},
              "uuid": "1cc90795-d58b-469f-951a-6761c7d93a81",
              "parentUUID": "46f0dd25-711a-442b-89c4-7dcc0cddc50b",
              "isHook": false,
              "skipped": false
            },
            {
              "title": "Test Case 10: Verify Subscription in home page",
              "fullTitle": "Automation Exercise Test Case 10: Verify Subscription in home page",
              "timedOut": null,
              "duration": 3492,
              "state": "passed",
              "speed": "fast",
              "pass": true,
              "fail": false,
              "pending": false,
              "context": null,
              "code": "cy.get('input#susbscribe_email').scrollIntoView().type('test_QA-123@meil.com');\ncy.get('button#subscribe').click();\ncy.contains('You have been successfully subscribed!').should('be.visible');",
              "err": {},
              "uuid": "d15263d6-b445-4c2a-ad17-15fa5033eaff",
              "parentUUID": "46f0dd25-711a-442b-89c4-7dcc0cddc50b",
              "isHook": false,
              "skipped": false
            },
            {
              "title": "Test Case 15: Place Order: Register before Checkout",
              "fullTitle": "Automation Exercise Test Case 15: Place Order: Register before Checkout",
              "timedOut": null,
              "duration": 46947,
              "state": "passed",
              "speed": "slow",
              "pass": true,
              "fail": false,
              "pending": false,
              "context": null,
              "code": "_cadastro.default.preencherFormulario();\ncy.get('b').should('contain', 'Test QA0001');\n_Produtos.default.AdicionarProdutoCarrinho();\n_Produtos.default.ValidarTelaCheckout();\n_Produtos.default.AdicionarComentarioCheckout();\n_pagamento.default.DadosPagamentoCartao();\n_pagamento.default.PagarConfirmarOrdem();\n//apagar a conta\n_cadastro.default.apagarConta();\ncy.get('[data-qa=\"continue-button\"]').click();",
              "err": {},
              "uuid": "6c8a0b70-9683-40a6-a280-3cbe9c579bae",
              "parentUUID": "46f0dd25-711a-442b-89c4-7dcc0cddc50b",
              "isHook": false,
              "skipped": false
            }
          ],
          "suites": [],
          "passes": [
            "ea154932-393c-46ee-a02e-2cc8821b81cb",
            "7c169f7d-477a-4dde-be6f-f33667794e2d",
            "f7b7e9cb-efc7-4fc0-9f18-7e805d646241",
            "2299da8c-a1b1-4923-9d9d-a222b41e7831",
            "9d93865a-f256-4f4a-96bd-f88f6bcbec70",
            "2bbba605-2690-438b-b090-ebbec098bf9c",
            "1b996e5d-5bb4-48ec-aae3-7778026c5c49",
            "1cc90795-d58b-469f-951a-6761c7d93a81",
            "d15263d6-b445-4c2a-ad17-15fa5033eaff",
            "6c8a0b70-9683-40a6-a280-3cbe9c579bae"
          ],
          "failures": [],
          "pending": [],
          "skipped": [],
          "duration": 147046,
          "root": false,
          "rootEmpty": false,
          "_timeout": 2000
        }
      ],
      "passes": [],
      "failures": [],
      "pending": [],
      "skipped": [],
      "duration": 0,
      "root": true,
      "rootEmpty": true,
      "_timeout": 2000
    }
  ],
  "meta": {
    "mocha": {
      "version": "7.0.1"
    },
    "mochawesome": {
      "options": {
        "quiet": false,
        "reportFilename": "mochawesome",
        "saveHtml": true,
        "saveJson": true,
        "consoleReporter": "spec",
        "useInlineDiffs": false,
        "code": true
      },
      "version": "7.1.3"
    },
    "marge": {
      "options": null,
      "version": "6.2.0"
    }
  }
}